

============================== 2022-07-19 09:45:11.055970 | 1f597f29-c8d6-4871-92fd-d051e1c4b518 ==============================
09:45:11.056007 [info ] [MainThread]: Running with dbt=1.1.1
09:45:11.058286 [debug] [MainThread]: running dbt with arguments {'write_json': True, 'use_colors': True, 'printer_width': 80, 'version_check': True, 'partial_parse': True, 'static_parser': True, 'profiles_dir': '/home/sam/.dbt', 'send_anonymous_usage_stats': True, 'event_buffer_size': 100000, 'quiet': False, 'no_print': False, 'skip_profile_setup': False, 'which': 'init', 'indirect_selection': 'eager'}
09:45:11.059583 [debug] [MainThread]: Tracking: tracking
09:45:11.075300 [debug] [MainThread]: Sending event: {'category': 'dbt', 'action': 'invocation', 'label': 'start', 'context': [<snowplow_tracker.self_describing_json.SelfDescribingJson object at 0x7fefdc604040>, <snowplow_tracker.self_describing_json.SelfDescribingJson object at 0x7fefdc604130>, <snowplow_tracker.self_describing_json.SelfDescribingJson object at 0x7fefdc6040d0>]}
09:45:11.077617 [info ] [MainThread]: Creating dbt configuration folder at /home/sam/.dbt
09:46:05.906475 [debug] [MainThread]: Starter project path: /home/sam/anaconda3/lib/python3.9/site-packages/dbt/include/starter_project
09:46:18.317758 [info ] [MainThread]: Profile postgres_dwh1 written to /home/sam/.dbt/profiles.yml using target's sample configuration. Once updated, you'll be able to start developing with dbt.
09:46:18.319536 [info ] [MainThread]: 
Your new dbt project "postgres_dwh1" was created!

For more information on how to configure the profiles.yml file,
please consult the dbt documentation here:

  https://docs.getdbt.com/docs/configure-your-profile

One more thing:

Need help? Don't hesitate to reach out to us via GitHub issues or on Slack:

  https://community.getdbt.com/

Happy modeling!

09:46:18.321653 [debug] [MainThread]: Sending event: {'category': 'dbt', 'action': 'invocation', 'label': 'end', 'context': [<snowplow_tracker.self_describing_json.SelfDescribingJson object at 0x7fefe03dcc40>, <snowplow_tracker.self_describing_json.SelfDescribingJson object at 0x7fefdbd806a0>, <snowplow_tracker.self_describing_json.SelfDescribingJson object at 0x7fefdbd806d0>]}


============================== 2022-07-19 10:25:51.440846 | b0ca3a14-dd1a-4bac-848f-e5cdf1b7382f ==============================
10:25:51.440874 [info ] [MainThread]: Running with dbt=1.1.1
10:25:51.442567 [debug] [MainThread]: running dbt with arguments {'write_json': True, 'use_colors': True, 'printer_width': 80, 'version_check': True, 'partial_parse': True, 'static_parser': True, 'profiles_dir': '/home/sam/.dbt', 'send_anonymous_usage_stats': True, 'event_buffer_size': 100000, 'quiet': False, 'no_print': False, 'config_dir': False, 'which': 'debug', 'indirect_selection': 'eager'}
10:25:51.443568 [debug] [MainThread]: Tracking: tracking
10:25:51.459264 [debug] [MainThread]: Sending event: {'category': 'dbt', 'action': 'invocation', 'label': 'start', 'context': [<snowplow_tracker.self_describing_json.SelfDescribingJson object at 0x7f02f2454850>, <snowplow_tracker.self_describing_json.SelfDescribingJson object at 0x7f02f24549d0>, <snowplow_tracker.self_describing_json.SelfDescribingJson object at 0x7f02f24540a0>]}
10:25:51.667508 [debug] [MainThread]: Executing "git --help"
10:25:51.702894 [debug] [MainThread]: STDOUT: "b"usage: git [--version] [--help] [-C <path>] [-c <name>=<value>]\n           [--exec-path[=<path>]] [--html-path] [--man-path] [--info-path]\n           [-p | --paginate | -P | --no-pager] [--no-replace-objects] [--bare]\n           [--git-dir=<path>] [--work-tree=<path>] [--namespace=<name>]\n           [--super-prefix=<path>] [--config-env=<name>=<envvar>]\n           <command> [<args>]\n\nThese are common Git commands used in various situations:\n\nstart a working area (see also: git help tutorial)\n   clone     Clone a repository into a new directory\n   init      Create an empty Git repository or reinitialize an existing one\n\nwork on the current change (see also: git help everyday)\n   add       Add file contents to the index\n   mv        Move or rename a file, a directory, or a symlink\n   restore   Restore working tree files\n   rm        Remove files from the working tree and from the index\n\nexamine the history and state (see also: git help revisions)\n   bisect    Use binary search to find the commit that introduced a bug\n   diff      Show changes between commits, commit and working tree, etc\n   grep      Print lines matching a pattern\n   log       Show commit logs\n   show      Show various types of objects\n   status    Show the working tree status\n\ngrow, mark and tweak your common history\n   branch    List, create, or delete branches\n   commit    Record changes to the repository\n   merge     Join two or more development histories together\n   rebase    Reapply commits on top of another base tip\n   reset     Reset current HEAD to the specified state\n   switch    Switch branches\n   tag       Create, list, delete or verify a tag object signed with GPG\n\ncollaborate (see also: git help workflows)\n   fetch     Download objects and refs from another repository\n   pull      Fetch from and integrate with another repository or a local branch\n   push      Update remote refs along with associated objects\n\n'git help -a' and 'git help -g' list available subcommands and some\nconcept guides. See 'git help <command>' or 'git help <concept>'\nto read about a specific subcommand or concept.\nSee 'git help git' for an overview of the system.\n""
10:25:51.704964 [debug] [MainThread]: STDERR: "b''"
10:25:51.707360 [debug] [MainThread]: Sending event: {'category': 'dbt', 'action': 'invocation', 'label': 'end', 'context': [<snowplow_tracker.self_describing_json.SelfDescribingJson object at 0x7f02f2454dc0>, <snowplow_tracker.self_describing_json.SelfDescribingJson object at 0x7f02f1befc40>, <snowplow_tracker.self_describing_json.SelfDescribingJson object at 0x7f02f1befe80>]}


============================== 2022-07-19 10:36:41.598283 | 01977405-1dfc-48d3-84bc-de02af0c3a88 ==============================
10:36:41.598315 [info ] [MainThread]: Running with dbt=1.1.1
10:36:41.600128 [debug] [MainThread]: running dbt with arguments {'write_json': True, 'use_colors': True, 'printer_width': 80, 'version_check': True, 'partial_parse': True, 'static_parser': True, 'profiles_dir': '/home/sam/.dbt', 'send_anonymous_usage_stats': True, 'event_buffer_size': 100000, 'quiet': False, 'no_print': False, 'config_dir': False, 'which': 'debug', 'indirect_selection': 'eager'}
10:36:41.601167 [debug] [MainThread]: Tracking: tracking
10:36:41.616173 [debug] [MainThread]: Sending event: {'category': 'dbt', 'action': 'invocation', 'label': 'start', 'context': [<snowplow_tracker.self_describing_json.SelfDescribingJson object at 0x7f9c099ec7f0>, <snowplow_tracker.self_describing_json.SelfDescribingJson object at 0x7f9c099ec250>, <snowplow_tracker.self_describing_json.SelfDescribingJson object at 0x7f9c099ec4f0>]}
10:36:41.910900 [debug] [MainThread]: Executing "git --help"
10:36:41.981840 [debug] [MainThread]: STDOUT: "b"usage: git [--version] [--help] [-C <path>] [-c <name>=<value>]\n           [--exec-path[=<path>]] [--html-path] [--man-path] [--info-path]\n           [-p | --paginate | -P | --no-pager] [--no-replace-objects] [--bare]\n           [--git-dir=<path>] [--work-tree=<path>] [--namespace=<name>]\n           [--super-prefix=<path>] [--config-env=<name>=<envvar>]\n           <command> [<args>]\n\nThese are common Git commands used in various situations:\n\nstart a working area (see also: git help tutorial)\n   clone     Clone a repository into a new directory\n   init      Create an empty Git repository or reinitialize an existing one\n\nwork on the current change (see also: git help everyday)\n   add       Add file contents to the index\n   mv        Move or rename a file, a directory, or a symlink\n   restore   Restore working tree files\n   rm        Remove files from the working tree and from the index\n\nexamine the history and state (see also: git help revisions)\n   bisect    Use binary search to find the commit that introduced a bug\n   diff      Show changes between commits, commit and working tree, etc\n   grep      Print lines matching a pattern\n   log       Show commit logs\n   show      Show various types of objects\n   status    Show the working tree status\n\ngrow, mark and tweak your common history\n   branch    List, create, or delete branches\n   commit    Record changes to the repository\n   merge     Join two or more development histories together\n   rebase    Reapply commits on top of another base tip\n   reset     Reset current HEAD to the specified state\n   switch    Switch branches\n   tag       Create, list, delete or verify a tag object signed with GPG\n\ncollaborate (see also: git help workflows)\n   fetch     Download objects and refs from another repository\n   pull      Fetch from and integrate with another repository or a local branch\n   push      Update remote refs along with associated objects\n\n'git help -a' and 'git help -g' list available subcommands and some\nconcept guides. See 'git help <command>' or 'git help <concept>'\nto read about a specific subcommand or concept.\nSee 'git help git' for an overview of the system.\n""
10:36:41.983429 [debug] [MainThread]: STDERR: "b''"
10:36:42.036796 [debug] [MainThread]: Acquiring new postgres connection "debug"
10:36:42.049882 [debug] [MainThread]: Using postgres connection "debug"
10:36:42.051277 [debug] [MainThread]: On debug: select 1 as id
10:36:42.052587 [debug] [MainThread]: Opening a new connection, currently in state init
10:36:42.485722 [debug] [MainThread]: Postgres adapter: Got an error when attempting to open a postgres connection: 'connection to server at "localhost" (127.0.0.1), port 5432 failed: FATAL:  password authentication failed for user "dbt"
connection to server at "localhost" (127.0.0.1), port 5432 failed: FATAL:  password authentication failed for user "dbt"
'
10:36:42.489091 [debug] [MainThread]: Postgres adapter: Error running SQL: select 1 as id
10:36:42.491278 [debug] [MainThread]: Postgres adapter: Rolling back transaction.
10:36:42.493134 [debug] [MainThread]: On debug: No close available on handle
10:36:42.495927 [debug] [MainThread]: Sending event: {'category': 'dbt', 'action': 'invocation', 'label': 'end', 'context': [<snowplow_tracker.self_describing_json.SelfDescribingJson object at 0x7f9c091936d0>, <snowplow_tracker.self_describing_json.SelfDescribingJson object at 0x7f9c09193430>, <snowplow_tracker.self_describing_json.SelfDescribingJson object at 0x7f9c09193f40>]}
10:36:44.807292 [debug] [MainThread]: Connection 'debug' was properly closed.


============================== 2022-07-19 10:46:06.930459 | 524465a4-1ab8-4a78-9936-e2dcf58fddff ==============================
10:46:06.930489 [info ] [MainThread]: Running with dbt=1.1.1
10:46:06.932328 [debug] [MainThread]: running dbt with arguments {'write_json': True, 'use_colors': True, 'printer_width': 80, 'version_check': True, 'partial_parse': True, 'static_parser': True, 'profiles_dir': '/home/sam/.dbt', 'send_anonymous_usage_stats': True, 'event_buffer_size': 100000, 'quiet': False, 'no_print': False, 'config_dir': False, 'which': 'debug', 'indirect_selection': 'eager'}
10:46:06.933362 [debug] [MainThread]: Tracking: tracking
10:46:06.946753 [debug] [MainThread]: Sending event: {'category': 'dbt', 'action': 'invocation', 'label': 'start', 'context': [<snowplow_tracker.self_describing_json.SelfDescribingJson object at 0x7fbac1c80760>, <snowplow_tracker.self_describing_json.SelfDescribingJson object at 0x7fbac1c80400>, <snowplow_tracker.self_describing_json.SelfDescribingJson object at 0x7fbac1c80550>]}
10:46:07.174358 [debug] [MainThread]: Executing "git --help"
10:46:07.208985 [debug] [MainThread]: STDOUT: "b"usage: git [--version] [--help] [-C <path>] [-c <name>=<value>]\n           [--exec-path[=<path>]] [--html-path] [--man-path] [--info-path]\n           [-p | --paginate | -P | --no-pager] [--no-replace-objects] [--bare]\n           [--git-dir=<path>] [--work-tree=<path>] [--namespace=<name>]\n           [--super-prefix=<path>] [--config-env=<name>=<envvar>]\n           <command> [<args>]\n\nThese are common Git commands used in various situations:\n\nstart a working area (see also: git help tutorial)\n   clone     Clone a repository into a new directory\n   init      Create an empty Git repository or reinitialize an existing one\n\nwork on the current change (see also: git help everyday)\n   add       Add file contents to the index\n   mv        Move or rename a file, a directory, or a symlink\n   restore   Restore working tree files\n   rm        Remove files from the working tree and from the index\n\nexamine the history and state (see also: git help revisions)\n   bisect    Use binary search to find the commit that introduced a bug\n   diff      Show changes between commits, commit and working tree, etc\n   grep      Print lines matching a pattern\n   log       Show commit logs\n   show      Show various types of objects\n   status    Show the working tree status\n\ngrow, mark and tweak your common history\n   branch    List, create, or delete branches\n   commit    Record changes to the repository\n   merge     Join two or more development histories together\n   rebase    Reapply commits on top of another base tip\n   reset     Reset current HEAD to the specified state\n   switch    Switch branches\n   tag       Create, list, delete or verify a tag object signed with GPG\n\ncollaborate (see also: git help workflows)\n   fetch     Download objects and refs from another repository\n   pull      Fetch from and integrate with another repository or a local branch\n   push      Update remote refs along with associated objects\n\n'git help -a' and 'git help -g' list available subcommands and some\nconcept guides. See 'git help <command>' or 'git help <concept>'\nto read about a specific subcommand or concept.\nSee 'git help git' for an overview of the system.\n""
10:46:07.210635 [debug] [MainThread]: STDERR: "b''"
10:46:07.242167 [debug] [MainThread]: Acquiring new postgres connection "debug"
10:46:07.245099 [debug] [MainThread]: Using postgres connection "debug"
10:46:07.246349 [debug] [MainThread]: On debug: select 1 as id
10:46:07.247519 [debug] [MainThread]: Opening a new connection, currently in state init
10:46:07.344400 [debug] [MainThread]: Postgres adapter: Got an error when attempting to open a postgres connection: 'connection to server at "localhost" (127.0.0.1), port 5432 failed: FATAL:  password authentication failed for user "postgres"
connection to server at "localhost" (127.0.0.1), port 5432 failed: FATAL:  password authentication failed for user "postgres"
'
10:46:07.346492 [debug] [MainThread]: Postgres adapter: Error running SQL: select 1 as id
10:46:07.347987 [debug] [MainThread]: Postgres adapter: Rolling back transaction.
10:46:07.349606 [debug] [MainThread]: On debug: No close available on handle
10:46:07.378052 [debug] [MainThread]: Sending event: {'category': 'dbt', 'action': 'invocation', 'label': 'end', 'context': [<snowplow_tracker.self_describing_json.SelfDescribingJson object at 0x7fbac16e36a0>, <snowplow_tracker.self_describing_json.SelfDescribingJson object at 0x7fbac16e3400>, <snowplow_tracker.self_describing_json.SelfDescribingJson object at 0x7fbac16e32e0>]}
10:46:09.701407 [debug] [MainThread]: Connection 'debug' was properly closed.


============================== 2022-07-19 11:28:28.535714 | 85972164-bdf0-4dee-9ffc-d599ba9ae47e ==============================
11:28:28.535749 [info ] [MainThread]: Running with dbt=1.1.1
11:28:28.557310 [debug] [MainThread]: running dbt with arguments {'write_json': True, 'use_colors': True, 'printer_width': 80, 'version_check': True, 'partial_parse': True, 'static_parser': True, 'profiles_dir': '/home/sam/.dbt', 'send_anonymous_usage_stats': True, 'event_buffer_size': 100000, 'quiet': False, 'no_print': False, 'config_dir': False, 'which': 'debug', 'indirect_selection': 'eager'}
11:28:28.558398 [debug] [MainThread]: Tracking: tracking
11:28:28.642542 [debug] [MainThread]: Sending event: {'category': 'dbt', 'action': 'invocation', 'label': 'start', 'context': [<snowplow_tracker.self_describing_json.SelfDescribingJson object at 0x7f3d08480760>, <snowplow_tracker.self_describing_json.SelfDescribingJson object at 0x7f3d08480400>, <snowplow_tracker.self_describing_json.SelfDescribingJson object at 0x7f3d08480550>]}
11:28:29.273716 [debug] [MainThread]: Executing "git --help"
11:28:29.508502 [debug] [MainThread]: STDOUT: "b"usage: git [--version] [--help] [-C <path>] [-c <name>=<value>]\n           [--exec-path[=<path>]] [--html-path] [--man-path] [--info-path]\n           [-p | --paginate | -P | --no-pager] [--no-replace-objects] [--bare]\n           [--git-dir=<path>] [--work-tree=<path>] [--namespace=<name>]\n           [--super-prefix=<path>] [--config-env=<name>=<envvar>]\n           <command> [<args>]\n\nThese are common Git commands used in various situations:\n\nstart a working area (see also: git help tutorial)\n   clone     Clone a repository into a new directory\n   init      Create an empty Git repository or reinitialize an existing one\n\nwork on the current change (see also: git help everyday)\n   add       Add file contents to the index\n   mv        Move or rename a file, a directory, or a symlink\n   restore   Restore working tree files\n   rm        Remove files from the working tree and from the index\n\nexamine the history and state (see also: git help revisions)\n   bisect    Use binary search to find the commit that introduced a bug\n   diff      Show changes between commits, commit and working tree, etc\n   grep      Print lines matching a pattern\n   log       Show commit logs\n   show      Show various types of objects\n   status    Show the working tree status\n\ngrow, mark and tweak your common history\n   branch    List, create, or delete branches\n   commit    Record changes to the repository\n   merge     Join two or more development histories together\n   rebase    Reapply commits on top of another base tip\n   reset     Reset current HEAD to the specified state\n   switch    Switch branches\n   tag       Create, list, delete or verify a tag object signed with GPG\n\ncollaborate (see also: git help workflows)\n   fetch     Download objects and refs from another repository\n   pull      Fetch from and integrate with another repository or a local branch\n   push      Update remote refs along with associated objects\n\n'git help -a' and 'git help -g' list available subcommands and some\nconcept guides. See 'git help <command>' or 'git help <concept>'\nto read about a specific subcommand or concept.\nSee 'git help git' for an overview of the system.\n""
11:28:29.510008 [debug] [MainThread]: STDERR: "b''"
11:28:29.554931 [debug] [MainThread]: Acquiring new postgres connection "debug"
11:28:29.560910 [debug] [MainThread]: Using postgres connection "debug"
11:28:29.568641 [debug] [MainThread]: On debug: select 1 as id
11:28:29.570043 [debug] [MainThread]: Opening a new connection, currently in state init
11:28:29.830197 [debug] [MainThread]: Postgres adapter: Got an error when attempting to open a postgres connection: 'connection to server at "localhost" (127.0.0.1), port 5432 failed: FATAL:  password authentication failed for user "postgres"
connection to server at "localhost" (127.0.0.1), port 5432 failed: FATAL:  password authentication failed for user "postgres"
'
11:28:29.832610 [debug] [MainThread]: Postgres adapter: Error running SQL: select 1 as id
11:28:29.833734 [debug] [MainThread]: Postgres adapter: Rolling back transaction.
11:28:29.834995 [debug] [MainThread]: On debug: No close available on handle
11:28:29.837879 [debug] [MainThread]: Sending event: {'category': 'dbt', 'action': 'invocation', 'label': 'end', 'context': [<snowplow_tracker.self_describing_json.SelfDescribingJson object at 0x7f3d07ef76a0>, <snowplow_tracker.self_describing_json.SelfDescribingJson object at 0x7f3d07ef7400>, <snowplow_tracker.self_describing_json.SelfDescribingJson object at 0x7f3d07ef7f40>]}
11:28:47.047729 [warn ] [MainThread]: Error sending message, disabling tracking
11:28:47.050711 [debug] [MainThread]: Connection 'debug' was properly closed.


============================== 2022-07-19 11:29:37.952425 | 5ffd708a-a734-44e4-8fcb-b113adfead10 ==============================
11:29:37.952456 [info ] [MainThread]: Running with dbt=1.1.1
11:29:37.954480 [debug] [MainThread]: running dbt with arguments {'write_json': True, 'use_colors': True, 'printer_width': 80, 'version_check': True, 'partial_parse': True, 'static_parser': True, 'profiles_dir': '/home/sam/.dbt', 'send_anonymous_usage_stats': True, 'event_buffer_size': 100000, 'quiet': False, 'no_print': False, 'config_dir': False, 'which': 'debug', 'indirect_selection': 'eager'}
11:29:37.955764 [debug] [MainThread]: Tracking: tracking
11:29:37.971767 [debug] [MainThread]: Sending event: {'category': 'dbt', 'action': 'invocation', 'label': 'start', 'context': [<snowplow_tracker.self_describing_json.SelfDescribingJson object at 0x7f3eeac00760>, <snowplow_tracker.self_describing_json.SelfDescribingJson object at 0x7f3eeac00400>, <snowplow_tracker.self_describing_json.SelfDescribingJson object at 0x7f3eeac00550>]}
11:29:38.210361 [debug] [MainThread]: Executing "git --help"
11:29:38.238079 [debug] [MainThread]: STDOUT: "b"usage: git [--version] [--help] [-C <path>] [-c <name>=<value>]\n           [--exec-path[=<path>]] [--html-path] [--man-path] [--info-path]\n           [-p | --paginate | -P | --no-pager] [--no-replace-objects] [--bare]\n           [--git-dir=<path>] [--work-tree=<path>] [--namespace=<name>]\n           [--super-prefix=<path>] [--config-env=<name>=<envvar>]\n           <command> [<args>]\n\nThese are common Git commands used in various situations:\n\nstart a working area (see also: git help tutorial)\n   clone     Clone a repository into a new directory\n   init      Create an empty Git repository or reinitialize an existing one\n\nwork on the current change (see also: git help everyday)\n   add       Add file contents to the index\n   mv        Move or rename a file, a directory, or a symlink\n   restore   Restore working tree files\n   rm        Remove files from the working tree and from the index\n\nexamine the history and state (see also: git help revisions)\n   bisect    Use binary search to find the commit that introduced a bug\n   diff      Show changes between commits, commit and working tree, etc\n   grep      Print lines matching a pattern\n   log       Show commit logs\n   show      Show various types of objects\n   status    Show the working tree status\n\ngrow, mark and tweak your common history\n   branch    List, create, or delete branches\n   commit    Record changes to the repository\n   merge     Join two or more development histories together\n   rebase    Reapply commits on top of another base tip\n   reset     Reset current HEAD to the specified state\n   switch    Switch branches\n   tag       Create, list, delete or verify a tag object signed with GPG\n\ncollaborate (see also: git help workflows)\n   fetch     Download objects and refs from another repository\n   pull      Fetch from and integrate with another repository or a local branch\n   push      Update remote refs along with associated objects\n\n'git help -a' and 'git help -g' list available subcommands and some\nconcept guides. See 'git help <command>' or 'git help <concept>'\nto read about a specific subcommand or concept.\nSee 'git help git' for an overview of the system.\n""
11:29:38.239836 [debug] [MainThread]: STDERR: "b''"
11:29:38.254942 [debug] [MainThread]: Acquiring new postgres connection "debug"
11:29:38.257718 [debug] [MainThread]: Using postgres connection "debug"
11:29:38.258940 [debug] [MainThread]: On debug: select 1 as id
11:29:38.260127 [debug] [MainThread]: Opening a new connection, currently in state init
11:29:38.366495 [debug] [MainThread]: SQL status: SELECT 1 in 0.11 seconds
11:29:38.372104 [debug] [MainThread]: On debug: Close
11:29:38.396243 [debug] [MainThread]: Sending event: {'category': 'dbt', 'action': 'invocation', 'label': 'end', 'context': [<snowplow_tracker.self_describing_json.SelfDescribingJson object at 0x7f3eea3d35b0>, <snowplow_tracker.self_describing_json.SelfDescribingJson object at 0x7f3eea3d3460>, <snowplow_tracker.self_describing_json.SelfDescribingJson object at 0x7f3eea3d3310>]}
11:29:48.441051 [warn ] [MainThread]: Error sending message, disabling tracking
11:29:48.442981 [debug] [MainThread]: Connection 'debug' was properly closed.
